<?xml version="1.0" encoding="UTF-8"?>
<testng-results ignored="0" total="1" passed="1" failed="0" skipped="0">
  <reporter-output>
  </reporter-output>
  <suite started-at="2023-01-29T21:18:20 IST" name="Suite" finished-at="2023-01-29T21:20:02 IST" duration-ms="101959">
    <groups>
    </groups>
    <test started-at="2023-01-29T21:18:20 IST" name="Test" finished-at="2023-01-29T21:20:02 IST" duration-ms="101959">
      <class name="com.mystore.testcases.TC_ProductPageTest">
        <test-method is-config="true" signature="setup()[pri:0, instance:com.mystore.testcases.TC_ProductPageTest@6b81ce95]" started-at="2023-01-29T21:18:21 IST" name="setup" finished-at="2023-01-29T21:19:29 IST" duration-ms="67881" status="PASS">
          <reporter-output>
          </reporter-output>
        </test-method> <!-- setup -->
        <test-method signature="VerifySearchProduct()[pri:0, instance:com.mystore.testcases.TC_ProductPageTest@6b81ce95]" started-at="2023-01-29T21:19:29 IST" name="VerifySearchProduct" finished-at="2023-01-29T21:20:02 IST" duration-ms="32794" status="PASS">
          <reporter-output>
          </reporter-output>
        </test-method> <!-- VerifySearchProduct -->
      </class> <!-- com.mystore.testcases.TC_ProductPageTest -->
    </test> <!-- Test -->
  </suite> <!-- Suite -->
</testng-results>
